<?xml version="1.0" encoding="UTF-8"?>
<testng-results skipped="0" failed="1" ignored="0" total="1" passed="0">
  <reporter-output>
  </reporter-output>
  <suite name="Default suite" duration-ms="3633" started-at="2018-06-07T22:01:07Z" finished-at="2018-06-07T22:01:10Z">
    <groups>
    </groups>
    <test name="Default test" duration-ms="3633" started-at="2018-06-07T22:01:07Z" finished-at="2018-06-07T22:01:10Z">
      <class name="keywordLamda.TestScript">
        <test-method status="FAIL" signature="test()[pri:0, instance:keywordLamda.TestScript@4ed9f0]" name="test" duration-ms="3598" started-at="2018-06-07T15:01:07Z" finished-at="2018-06-07T15:01:10Z">
          <exception class="org.junit.ComparisonFailure">
            <message>
              <![CDATA[expected:<["username"]> but was:<[[[ChromeDriver: chrome on XP (8efb2fc3906090761835e0e1ddaff841)] -> xpath: .//*[@name = 'userName']]]]]><![CDATA[>expected:<["username"]> but was:<[[[ChromeDriver: chrome on XP (8efb2fc3906090761835e0e1ddaff841)] -> xpath: .//*[@name = 'userName']]]><![CDATA[]]]]><![CDATA[>]]>
            </message>
            <full-stacktrace>
              <![CDATA[org.junit.ComparisonFailure: expected:<["username"]> but was:<[[[ChromeDriver: chrome on XP (8efb2fc3906090761835e0e1ddaff841)] -> xpath: .//*[@name = 'userName']]]]]><![CDATA[>
	at sun.reflect.NativeConstructorAccessorImpl.newInstance0(Native Method)
	at sun.reflect.NativeConstructorAccessorImpl.newInstance(Unknown Source)
	at sun.reflect.DelegatingConstructorAccessorImpl.newInstance(Unknown Source)
	at keywordLamda.TestScript.test(TestScript.java:22)
	at sun.reflect.NativeMethodAccessorImpl.invoke0(Native Method)
	at sun.reflect.NativeMethodAccessorImpl.invoke(Unknown Source)
	at sun.reflect.DelegatingMethodAccessorImpl.invoke(Unknown Source)
	at java.lang.reflect.Method.invoke(Unknown Source)
	at org.testng.internal.MethodInvocationHelper.invokeMethod(MethodInvocationHelper.java:108)
	at org.testng.internal.Invoker.invokeMethod(Invoker.java:661)
	at org.testng.internal.Invoker.invokeTestMethod(Invoker.java:869)
	at org.testng.internal.Invoker.invokeTestMethods(Invoker.java:1193)
	at org.testng.internal.TestMethodWorker.invokeTestMethods(TestMethodWorker.java:126)
	at org.testng.internal.TestMethodWorker.run(TestMethodWorker.java:109)
	at org.testng.TestRunner.privateRun(TestRunner.java:744)
	at org.testng.TestRunner.run(TestRunner.java:602)
	at org.testng.SuiteRunner.runTest(SuiteRunner.java:380)
	at org.testng.SuiteRunner.runSequentially(SuiteRunner.java:375)
	at org.testng.SuiteRunner.privateRun(SuiteRunner.java:340)
	at org.testng.SuiteRunner.run(SuiteRunner.java:289)
	at org.testng.SuiteRunnerWorker.runSuite(SuiteRunnerWorker.java:52)
	at org.testng.SuiteRunnerWorker.run(SuiteRunnerWorker.java:86)
	at org.testng.TestNG.runSuitesSequentially(TestNG.java:1301)
	at org.testng.TestNG.runSuitesLocally(TestNG.java:1226)
	at org.testng.TestNG.runSuites(TestNG.java:1144)
	at org.testng.TestNG.run(TestNG.java:1115)
	at org.testng.remote.AbstractRemoteTestNG.run(AbstractRemoteTestNG.java:114)
	at org.testng.remote.RemoteTestNG.initAndRun(RemoteTestNG.java:251)
	at org.testng.remote.RemoteTestNG.main(RemoteTestNG.java:77)
]]>
            </full-stacktrace>
          </exception> <!-- org.junit.ComparisonFailure -->
          <reporter-output>
          </reporter-output>
        </test-method> <!-- test -->
      </class> <!-- keywordLamda.TestScript -->
    </test> <!-- Default test -->
  </suite> <!-- Default suite -->
</testng-results>
