<?xml version="1.0" encoding="UTF-8"?>
<!-- Generated by org.testng.reporters.JUnitXMLReporter -->
<testsuite hostname="LN0C5772E6454B" name="Default test" tests="2" failures="0" timestamp="12 Jul 2018 00:25:19 GMT" time="0.02" errors="0">
  <testcase name="createSuite" time="0.003" classname="Create_TestNG_Suite_XML_From_Spreadsheet.XLSReader">
    <skipped/>
  </testcase> <!-- createSuite -->
  <testcase name="getTests" time="0.0" classname="Create_TestNG_Suite_XML_From_Spreadsheet.XLSReader">
    <skipped/>
  </testcase> <!-- getTests -->
</testsuite> <!-- Default test -->
