<?xml version="1.0" encoding="UTF-8"?>
<!-- Generated by org.testng.reporters.JUnitXMLReporter -->
<testsuite hostname="LN0C5772E6454B" ignored="0" name="Default test" tests="12" failures="0" timestamp="02 Jul 2018 08:03:10 GMT" time="111.501" errors="0">
  <testcase name="googleTest" time="10.899" classname="com.testautomationguru.container.test.OrderTest"/>
  <testcase name="googleTest" time="11.756" classname="com.testautomationguru.container.test.OrderTest"/>
  <testcase name="googleTest" time="8.001" classname="com.testautomationguru.container.test.OrderTest"/>
  <testcase name="googleTest" time="6.504" classname="com.testautomationguru.container.test.OrderTest"/>
  <testcase name="googleTest" time="6.568" classname="com.testautomationguru.container.test.OrderTest"/>
  <testcase name="googleTest" time="7.142" classname="com.testautomationguru.container.test.OrderTest"/>
  <testcase name="googleTest" time="8.499" classname="com.testautomationguru.container.test.OrderTest"/>
  <testcase name="googleTest" time="7.883" classname="com.testautomationguru.container.test.OrderTest"/>
  <testcase name="googleTest" time="13.313" classname="com.testautomationguru.container.test.OrderTest"/>
  <testcase name="googleTest" time="9.373" classname="com.testautomationguru.container.test.OrderTest"/>
  <testcase name="googleTest" time="6.364" classname="com.testautomationguru.container.test.OrderTest"/>
  <testcase name="googleTest" time="10.054" classname="com.testautomationguru.container.test.OrderTest"/>
</testsuite> <!-- Default test -->
