<?xml version="1.0" encoding="UTF-8"?>
<testng-results skipped="0" failed="0" total="0" passed="0">
  <reporter-output>
  </reporter-output>
  <suite name="keyworddriven.keyworddriven.AppTest" duration-ms="0" started-at="2018-05-27T23:01:01Z" finished-at="2018-05-27T23:01:01Z">
    <groups>
    </groups>
    <test name="Command line test" duration-ms="0" started-at="2018-05-27T23:01:01Z" finished-at="2018-05-27T23:01:01Z">
    </test> <!-- Command line test -->
  </suite> <!-- keyworddriven.keyworddriven.AppTest -->
</testng-results>
