<?xml version="1.0" encoding="UTF-8"?>
<testng-results skipped="5" failed="0" total="5" passed="0">
  <reporter-output>
  </reporter-output>
  <suite name="Default suite" duration-ms="74" started-at="2018-08-05T02:02:06Z" finished-at="2018-08-05T02:02:07Z">
    <groups>
    </groups>
    <test name="Default test" duration-ms="74" started-at="2018-08-05T02:02:06Z" finished-at="2018-08-05T02:02:07Z">
      <class name="com.testautomationguru.google.search.test.GoogleVoiceTest">
        <test-method status="PASS" signature="arquillianBeforeSuite()[pri:0, instance:com.testautomationguru.google.search.test.GoogleVoiceTest@3e9b1010]" name="arquillianBeforeSuite" is-config="true" duration-ms="475" started-at="2018-08-04T19:02:06Z" finished-at="2018-08-04T19:02:06Z">
          <reporter-output>
          </reporter-output>
        </test-method> <!-- arquillianBeforeSuite -->
        <test-method status="PASS" signature="arquillianBeforeClass()[pri:0, instance:com.testautomationguru.google.search.test.GoogleVoiceTest@3e9b1010]" name="arquillianBeforeClass" is-config="true" duration-ms="16" started-at="2018-08-04T19:02:06Z" finished-at="2018-08-04T19:02:06Z">
          <reporter-output>
          </reporter-output>
        </test-method> <!-- arquillianBeforeClass -->
        <test-method status="FAIL" signature="setup()[pri:0, instance:com.testautomationguru.google.search.test.GoogleVoiceTest@3e9b1010]" name="setup" is-config="true" duration-ms="0" started-at="2018-08-04T19:02:06Z" finished-at="2018-08-04T19:02:06Z">
          <exception class="java.lang.NullPointerException">
            <full-stacktrace>
              <![CDATA[java.lang.NullPointerException
	at com.testautomationguru.util.SpeakUtil.allocate(SpeakUtil.java:11)
	at com.testautomationguru.google.search.test.GoogleVoiceTest.setup(GoogleVoiceTest.java:23)
	at sun.reflect.NativeMethodAccessorImpl.invoke0(Native Method)
	at sun.reflect.NativeMethodAccessorImpl.invoke(NativeMethodAccessorImpl.java:62)
	at sun.reflect.DelegatingMethodAccessorImpl.invoke(DelegatingMethodAccessorImpl.java:43)
	at java.lang.reflect.Method.invoke(Method.java:498)
	at org.testng.internal.MethodInvocationHelper.invokeMethod(MethodInvocationHelper.java:80)
	at org.testng.internal.Invoker.invokeConfigurationMethod(Invoker.java:564)
	at org.testng.internal.Invoker.invokeConfigurations(Invoker.java:213)
	at org.testng.internal.Invoker.invokeConfigurations(Invoker.java:138)
	at org.testng.internal.TestMethodWorker.invokeBeforeClassMethods(TestMethodWorker.java:175)
	at org.testng.internal.TestMethodWorker.run(TestMethodWorker.java:107)
	at org.testng.TestRunner.privateRun(TestRunner.java:767)
	at org.testng.TestRunner.run(TestRunner.java:617)
	at org.testng.SuiteRunner.runTest(SuiteRunner.java:334)
	at org.testng.SuiteRunner.runSequentially(SuiteRunner.java:329)
	at org.testng.SuiteRunner.privateRun(SuiteRunner.java:291)
	at org.testng.SuiteRunner.run(SuiteRunner.java:240)
	at org.testng.SuiteRunnerWorker.runSuite(SuiteRunnerWorker.java:52)
	at org.testng.SuiteRunnerWorker.run(SuiteRunnerWorker.java:86)
	at org.testng.TestNG.runSuitesSequentially(TestNG.java:1198)
	at org.testng.TestNG.runSuitesLocally(TestNG.java:1123)
	at org.testng.TestNG.run(TestNG.java:1031)
	at org.testng.remote.AbstractRemoteTestNG.run(AbstractRemoteTestNG.java:114)
	at org.testng.remote.RemoteTestNG.initAndRun(RemoteTestNG.java:251)
	at org.testng.remote.RemoteTestNG.main(RemoteTestNG.java:77)
]]>
            </full-stacktrace>
          </exception> <!-- java.lang.NullPointerException -->
          <reporter-output>
          </reporter-output>
        </test-method> <!-- setup -->
        <test-method status="SKIP" signature="arquillianBeforeTest(java.lang.reflect.Method)[pri:0, instance:com.testautomationguru.google.search.test.GoogleVoiceTest@3e9b1010]" name="arquillianBeforeTest" is-config="true" duration-ms="0" started-at="2018-08-04T19:02:06Z" finished-at="2018-08-04T19:02:06Z">
          <reporter-output>
          </reporter-output>
        </test-method> <!-- arquillianBeforeTest -->
        <test-method status="SKIP" signature="googleVoiceSearchTest(java.lang.String)[pri:0, instance:com.testautomationguru.google.search.test.GoogleVoiceTest@3e9b1010]" name="googleVoiceSearchTest" duration-ms="2" started-at="2018-08-04T19:02:06Z" data-provider="voiceSearch" finished-at="2018-08-04T19:02:06Z">
          <params>
            <param index="0">
              <value>
                <![CDATA[weather today]]>
              </value>
            </param>
          </params>
          <reporter-output>
          </reporter-output>
        </test-method> <!-- googleVoiceSearchTest -->
        <test-method status="PASS" signature="arquillianAfterTest(java.lang.reflect.Method)[pri:0, instance:com.testautomationguru.google.search.test.GoogleVoiceTest@3e9b1010]" name="arquillianAfterTest" is-config="true" duration-ms="1" started-at="2018-08-04T19:02:06Z" finished-at="2018-08-04T19:02:06Z">
          <params>
            <param index="0">
              <value>
                <![CDATA[public void com.testautomationguru.google.search.test.GoogleVoiceTest.googleVoiceSearchTest(java.lang.String) throws java.lang.InterruptedException]]>
              </value>
            </param>
          </params>
          <reporter-output>
          </reporter-output>
        </test-method> <!-- arquillianAfterTest -->
        <test-method status="SKIP" signature="arquillianBeforeTest(java.lang.reflect.Method)[pri:0, instance:com.testautomationguru.google.search.test.GoogleVoiceTest@3e9b1010]" name="arquillianBeforeTest" is-config="true" duration-ms="0" started-at="2018-08-04T19:02:06Z" finished-at="2018-08-04T19:02:06Z">
          <reporter-output>
          </reporter-output>
        </test-method> <!-- arquillianBeforeTest -->
        <test-method status="SKIP" signature="googleVoiceSearchTest(java.lang.String)[pri:0, instance:com.testautomationguru.google.search.test.GoogleVoiceTest@3e9b1010]" name="googleVoiceSearchTest" duration-ms="2" started-at="2018-08-04T19:02:06Z" data-provider="voiceSearch" finished-at="2018-08-04T19:02:06Z">
          <params>
            <param index="0">
              <value>
                <![CDATA[show me the direction for atlanta]]>
              </value>
            </param>
          </params>
          <reporter-output>
          </reporter-output>
        </test-method> <!-- googleVoiceSearchTest -->
        <test-method status="PASS" signature="arquillianAfterTest(java.lang.reflect.Method)[pri:0, instance:com.testautomationguru.google.search.test.GoogleVoiceTest@3e9b1010]" name="arquillianAfterTest" is-config="true" duration-ms="1" started-at="2018-08-04T19:02:06Z" finished-at="2018-08-04T19:02:06Z">
          <params>
            <param index="0">
              <value>
                <![CDATA[public void com.testautomationguru.google.search.test.GoogleVoiceTest.googleVoiceSearchTest(java.lang.String) throws java.lang.InterruptedException]]>
              </value>
            </param>
          </params>
          <reporter-output>
          </reporter-output>
        </test-method> <!-- arquillianAfterTest -->
        <test-method status="SKIP" signature="arquillianBeforeTest(java.lang.reflect.Method)[pri:0, instance:com.testautomationguru.google.search.test.GoogleVoiceTest@3e9b1010]" name="arquillianBeforeTest" is-config="true" duration-ms="0" started-at="2018-08-04T19:02:06Z" finished-at="2018-08-04T19:02:06Z">
          <reporter-output>
          </reporter-output>
        </test-method> <!-- arquillianBeforeTest -->
        <test-method status="SKIP" signature="googleVoiceSearchTest(java.lang.String)[pri:0, instance:com.testautomationguru.google.search.test.GoogleVoiceTest@3e9b1010]" name="googleVoiceSearchTest" duration-ms="1" started-at="2018-08-04T19:02:06Z" data-provider="voiceSearch" finished-at="2018-08-04T19:02:06Z">
          <params>
            <param index="0">
              <value>
                <![CDATA[magnificent 7 show timings]]>
              </value>
            </param>
          </params>
          <reporter-output>
          </reporter-output>
        </test-method> <!-- googleVoiceSearchTest -->
        <test-method status="PASS" signature="arquillianAfterTest(java.lang.reflect.Method)[pri:0, instance:com.testautomationguru.google.search.test.GoogleVoiceTest@3e9b1010]" name="arquillianAfterTest" is-config="true" duration-ms="1" started-at="2018-08-04T19:02:06Z" finished-at="2018-08-04T19:02:06Z">
          <params>
            <param index="0">
              <value>
                <![CDATA[public void com.testautomationguru.google.search.test.GoogleVoiceTest.googleVoiceSearchTest(java.lang.String) throws java.lang.InterruptedException]]>
              </value>
            </param>
          </params>
          <reporter-output>
          </reporter-output>
        </test-method> <!-- arquillianAfterTest -->
        <test-method status="SKIP" signature="arquillianBeforeTest(java.lang.reflect.Method)[pri:0, instance:com.testautomationguru.google.search.test.GoogleVoiceTest@3e9b1010]" name="arquillianBeforeTest" is-config="true" duration-ms="0" started-at="2018-08-04T19:02:06Z" finished-at="2018-08-04T19:02:06Z">
          <reporter-output>
          </reporter-output>
        </test-method> <!-- arquillianBeforeTest -->
        <test-method status="SKIP" signature="googleVoiceSearchTest(java.lang.String)[pri:0, instance:com.testautomationguru.google.search.test.GoogleVoiceTest@3e9b1010]" name="googleVoiceSearchTest" duration-ms="1" started-at="2018-08-04T19:02:06Z" data-provider="voiceSearch" finished-at="2018-08-04T19:02:06Z">
          <params>
            <param index="0">
              <value>
                <![CDATA[will it rain tomorrow]]>
              </value>
            </param>
          </params>
          <reporter-output>
          </reporter-output>
        </test-method> <!-- googleVoiceSearchTest -->
        <test-method status="PASS" signature="arquillianAfterTest(java.lang.reflect.Method)[pri:0, instance:com.testautomationguru.google.search.test.GoogleVoiceTest@3e9b1010]" name="arquillianAfterTest" is-config="true" duration-ms="1" started-at="2018-08-04T19:02:06Z" finished-at="2018-08-04T19:02:06Z">
          <params>
            <param index="0">
              <value>
                <![CDATA[public void com.testautomationguru.google.search.test.GoogleVoiceTest.googleVoiceSearchTest(java.lang.String) throws java.lang.InterruptedException]]>
              </value>
            </param>
          </params>
          <reporter-output>
          </reporter-output>
        </test-method> <!-- arquillianAfterTest -->
        <test-method status="SKIP" signature="arquillianBeforeTest(java.lang.reflect.Method)[pri:0, instance:com.testautomationguru.google.search.test.GoogleVoiceTest@3e9b1010]" name="arquillianBeforeTest" is-config="true" duration-ms="0" started-at="2018-08-04T19:02:06Z" finished-at="2018-08-04T19:02:06Z">
          <reporter-output>
          </reporter-output>
        </test-method> <!-- arquillianBeforeTest -->
        <test-method status="SKIP" signature="googleVoiceSearchTest(java.lang.String)[pri:0, instance:com.testautomationguru.google.search.test.GoogleVoiceTest@3e9b1010]" name="googleVoiceSearchTest" duration-ms="1" started-at="2018-08-04T19:02:06Z" data-provider="voiceSearch" finished-at="2018-08-04T19:02:06Z">
          <params>
            <param index="0">
              <value>
                <![CDATA[arquillian graphene]]>
              </value>
            </param>
          </params>
          <reporter-output>
          </reporter-output>
        </test-method> <!-- googleVoiceSearchTest -->
        <test-method status="PASS" signature="arquillianAfterTest(java.lang.reflect.Method)[pri:0, instance:com.testautomationguru.google.search.test.GoogleVoiceTest@3e9b1010]" name="arquillianAfterTest" is-config="true" duration-ms="0" started-at="2018-08-04T19:02:07Z" finished-at="2018-08-04T19:02:07Z">
          <params>
            <param index="0">
              <value>
                <![CDATA[public void com.testautomationguru.google.search.test.GoogleVoiceTest.googleVoiceSearchTest(java.lang.String) throws java.lang.InterruptedException]]>
              </value>
            </param>
          </params>
          <reporter-output>
          </reporter-output>
        </test-method> <!-- arquillianAfterTest -->
        <test-method status="SKIP" signature="deallocate()[pri:0, instance:com.testautomationguru.google.search.test.GoogleVoiceTest@3e9b1010]" name="deallocate" is-config="true" duration-ms="0" started-at="2018-08-04T19:02:07Z" finished-at="2018-08-04T19:02:07Z">
          <reporter-output>
          </reporter-output>
        </test-method> <!-- deallocate -->
        <test-method status="PASS" signature="arquillianAfterClass()[pri:0, instance:com.testautomationguru.google.search.test.GoogleVoiceTest@3e9b1010]" name="arquillianAfterClass" is-config="true" duration-ms="2" started-at="2018-08-04T19:02:07Z" finished-at="2018-08-04T19:02:07Z">
          <reporter-output>
          </reporter-output>
        </test-method> <!-- arquillianAfterClass -->
        <test-method status="PASS" signature="arquillianAfterSuite()[pri:0, instance:com.testautomationguru.google.search.test.GoogleVoiceTest@3e9b1010]" name="arquillianAfterSuite" is-config="true" duration-ms="3" started-at="2018-08-04T19:02:07Z" finished-at="2018-08-04T19:02:07Z">
          <reporter-output>
          </reporter-output>
        </test-method> <!-- arquillianAfterSuite -->
      </class> <!-- com.testautomationguru.google.search.test.GoogleVoiceTest -->
    </test> <!-- Default test -->
  </suite> <!-- Default suite -->
</testng-results>
