<?xml version="1.0" encoding="UTF-8"?>
<!-- Generated by org.testng.reporters.JUnitXMLReporter -->
<testsuite hostname="LN0C5772E6454B" name="Default test" tests="10" failures="0" timestamp="30 Jul 2018 23:40:01 GMT" time="21.575" errors="0">
  <testcase name="googleTest" time="3.089" classname="Arquillian.SearchPageTest"/>
  <testcase name="googleTest" time="1.746" classname="Arquillian.SearchPageTest"/>
  <testcase name="googleTest" time="1.862" classname="Arquillian.SearchPageTest"/>
  <testcase name="googleTest" time="1.97" classname="Arquillian.SearchPageTest"/>
  <testcase name="googleTest" time="1.62" classname="Arquillian.SearchPageTest"/>
  <testcase name="googleTest" time="1.411" classname="Arquillian.SearchPageTest"/>
  <testcase name="googleTest" time="1.481" classname="Arquillian.SearchPageTest"/>
  <testcase name="googleTest" time="1.405" classname="Arquillian.SearchPageTest"/>
  <testcase name="googleTest" time="1.372" classname="Arquillian.SearchPageTest"/>
  <testcase name="googleTest" time="1.293" classname="Arquillian.SearchPageTest"/>
</testsuite> <!-- Default test -->
