<?xml version="1.0" encoding="UTF-8"?>
<testng-results skipped="0" failed="0" ignored="0" total="1" passed="1">
  <reporter-output>
  </reporter-output>
  <suite name="Surefire suite" duration-ms="81" started-at="2018-08-09T00:06:22Z" finished-at="2018-08-09T00:06:22Z">
    <groups>
    </groups>
    <test name="Surefire test" duration-ms="81" started-at="2018-08-09T00:06:22Z" finished-at="2018-08-09T00:06:22Z">
      <class name="DockerDownloadFile.AppTest">
        <test-method status="PASS" signature="testApp()" name="testApp" duration-ms="19" started-at="2018-08-08T17:06:22Z" finished-at="2018-08-08T17:06:22Z">
          <reporter-output>
          </reporter-output>
        </test-method> <!-- testApp -->
      </class> <!-- DockerDownloadFile.AppTest -->
    </test> <!-- Surefire test -->
  </suite> <!-- Surefire suite -->
</testng-results>
