<?xml version="1.0" encoding="UTF-8"?>
<testng-results skipped="0" failed="0" ignored="0" total="0" passed="0">
  <reporter-output>
  </reporter-output>
  <suite name="Suite1" duration-ms="4" started-at="2018-08-04T01:25:08Z" finished-at="2018-08-04T01:25:08Z">
    <groups>
    </groups>
    <test name="ChimpUISmokeTestSuiteOne" duration-ms="4" started-at="2018-08-04T01:25:08Z" finished-at="2018-08-04T01:25:08Z">
    </test> <!-- ChimpUISmokeTestSuiteOne -->
  </suite> <!-- Suite1 -->
</testng-results>
