<?xml version="1.0" encoding="UTF-8"?>
<testng-results skipped="0" failed="0" total="10" passed="10">
  <reporter-output>
  </reporter-output>
  <suite name="Default suite" duration-ms="21575" started-at="2018-07-30T23:39:39Z" finished-at="2018-07-30T23:40:01Z">
    <groups>
    </groups>
    <test name="Default test" duration-ms="21575" started-at="2018-07-30T23:39:39Z" finished-at="2018-07-30T23:40:01Z">
      <class name="Arquillian.SearchPageTest">
        <test-method status="PASS" signature="arquillianBeforeSuite()[pri:0, instance:Arquillian.SearchPageTest@1ec318]" name="arquillianBeforeSuite" is-config="true" duration-ms="410" started-at="2018-07-30T16:39:39Z" finished-at="2018-07-30T16:39:39Z">
          <reporter-output>
          </reporter-output>
        </test-method> <!-- arquillianBeforeSuite -->
        <test-method status="PASS" signature="arquillianBeforeClass()[pri:0, instance:Arquillian.SearchPageTest@1ec318]" name="arquillianBeforeClass" is-config="true" duration-ms="10" started-at="2018-07-30T16:39:39Z" finished-at="2018-07-30T16:39:39Z">
          <reporter-output>
          </reporter-output>
        </test-method> <!-- arquillianBeforeClass -->
        <test-method status="PASS" signature="arquillianBeforeTest(java.lang.reflect.Method)[pri:0, instance:Arquillian.SearchPageTest@1ec318]" name="arquillianBeforeTest" is-config="true" duration-ms="3570" started-at="2018-07-30T16:39:39Z" finished-at="2018-07-30T16:39:43Z">
          <params>
            <param index="0">
              <value>
                <![CDATA[public void Arquillian.SearchPageTest.googleTest(java.lang.String)]]>
              </value>
            </param>
          </params>
          <reporter-output>
          </reporter-output>
        </test-method> <!-- arquillianBeforeTest -->
        <test-method status="PASS" signature="googleTest(java.lang.String)[pri:0, instance:Arquillian.SearchPageTest@1ec318]" name="googleTest" duration-ms="3089" started-at="2018-07-30T16:39:43Z" data-provider="search-keywords" finished-at="2018-07-30T16:39:46Z">
          <params>
            <param index="0">
              <value>
                <![CDATA[test automation guru]]>
              </value>
            </param>
          </params>
          <reporter-output>
          </reporter-output>
        </test-method> <!-- googleTest -->
        <test-method status="PASS" signature="arquillianAfterTest(java.lang.reflect.Method)[pri:0, instance:Arquillian.SearchPageTest@1ec318]" name="arquillianAfterTest" is-config="true" duration-ms="2" started-at="2018-07-30T16:39:46Z" finished-at="2018-07-30T16:39:46Z">
          <params>
            <param index="0">
              <value>
                <![CDATA[public void Arquillian.SearchPageTest.googleTest(java.lang.String)]]>
              </value>
            </param>
          </params>
          <reporter-output>
          </reporter-output>
        </test-method> <!-- arquillianAfterTest -->
        <test-method status="PASS" signature="arquillianBeforeTest(java.lang.reflect.Method)[pri:0, instance:Arquillian.SearchPageTest@1ec318]" name="arquillianBeforeTest" is-config="true" duration-ms="19" started-at="2018-07-30T16:39:46Z" finished-at="2018-07-30T16:39:46Z">
          <params>
            <param index="0">
              <value>
                <![CDATA[public void Arquillian.SearchPageTest.googleTest(java.lang.String)]]>
              </value>
            </param>
          </params>
          <reporter-output>
          </reporter-output>
        </test-method> <!-- arquillianBeforeTest -->
        <test-method status="PASS" signature="googleTest(java.lang.String)[pri:0, instance:Arquillian.SearchPageTest@1ec318]" name="googleTest" duration-ms="1746" started-at="2018-07-30T16:39:46Z" data-provider="search-keywords" finished-at="2018-07-30T16:39:48Z">
          <params>
            <param index="0">
              <value>
                <![CDATA[selenium webdriver]]>
              </value>
            </param>
          </params>
          <reporter-output>
          </reporter-output>
        </test-method> <!-- googleTest -->
        <test-method status="PASS" signature="arquillianAfterTest(java.lang.reflect.Method)[pri:0, instance:Arquillian.SearchPageTest@1ec318]" name="arquillianAfterTest" is-config="true" duration-ms="1" started-at="2018-07-30T16:39:48Z" finished-at="2018-07-30T16:39:48Z">
          <params>
            <param index="0">
              <value>
                <![CDATA[public void Arquillian.SearchPageTest.googleTest(java.lang.String)]]>
              </value>
            </param>
          </params>
          <reporter-output>
          </reporter-output>
        </test-method> <!-- arquillianAfterTest -->
        <test-method status="PASS" signature="arquillianBeforeTest(java.lang.reflect.Method)[pri:0, instance:Arquillian.SearchPageTest@1ec318]" name="arquillianBeforeTest" is-config="true" duration-ms="5" started-at="2018-07-30T16:39:48Z" finished-at="2018-07-30T16:39:48Z">
          <params>
            <param index="0">
              <value>
                <![CDATA[public void Arquillian.SearchPageTest.googleTest(java.lang.String)]]>
              </value>
            </param>
          </params>
          <reporter-output>
          </reporter-output>
        </test-method> <!-- arquillianBeforeTest -->
        <test-method status="PASS" signature="googleTest(java.lang.String)[pri:0, instance:Arquillian.SearchPageTest@1ec318]" name="googleTest" duration-ms="1862" started-at="2018-07-30T16:39:48Z" data-provider="search-keywords" finished-at="2018-07-30T16:39:49Z">
          <params>
            <param index="0">
              <value>
                <![CDATA[dockerized selenium grid]]>
              </value>
            </param>
          </params>
          <reporter-output>
          </reporter-output>
        </test-method> <!-- googleTest -->
        <test-method status="PASS" signature="arquillianBeforeTest(java.lang.reflect.Method)[pri:0, instance:Arquillian.SearchPageTest@1ec318]" name="arquillianBeforeTest" is-config="true" duration-ms="5" started-at="2018-07-30T16:39:49Z" finished-at="2018-07-30T16:39:49Z">
          <params>
            <param index="0">
              <value>
                <![CDATA[public void Arquillian.SearchPageTest.googleTest(java.lang.String)]]>
              </value>
            </param>
          </params>
          <reporter-output>
          </reporter-output>
        </test-method> <!-- arquillianBeforeTest -->
        <test-method status="PASS" signature="arquillianAfterTest(java.lang.reflect.Method)[pri:0, instance:Arquillian.SearchPageTest@1ec318]" name="arquillianAfterTest" is-config="true" duration-ms="0" started-at="2018-07-30T16:39:49Z" finished-at="2018-07-30T16:39:49Z">
          <params>
            <param index="0">
              <value>
                <![CDATA[public void Arquillian.SearchPageTest.googleTest(java.lang.String)]]>
              </value>
            </param>
          </params>
          <reporter-output>
          </reporter-output>
        </test-method> <!-- arquillianAfterTest -->
        <test-method status="PASS" signature="googleTest(java.lang.String)[pri:0, instance:Arquillian.SearchPageTest@1ec318]" name="googleTest" duration-ms="1970" started-at="2018-07-30T16:39:49Z" data-provider="search-keywords" finished-at="2018-07-30T16:39:51Z">
          <params>
            <param index="0">
              <value>
                <![CDATA[test automation blog]]>
              </value>
            </param>
          </params>
          <reporter-output>
          </reporter-output>
        </test-method> <!-- googleTest -->
        <test-method status="PASS" signature="arquillianAfterTest(java.lang.reflect.Method)[pri:0, instance:Arquillian.SearchPageTest@1ec318]" name="arquillianAfterTest" is-config="true" duration-ms="1" started-at="2018-07-30T16:39:51Z" finished-at="2018-07-30T16:39:51Z">
          <params>
            <param index="0">
              <value>
                <![CDATA[public void Arquillian.SearchPageTest.googleTest(java.lang.String)]]>
              </value>
            </param>
          </params>
          <reporter-output>
          </reporter-output>
        </test-method> <!-- arquillianAfterTest -->
        <test-method status="PASS" signature="arquillianBeforeTest(java.lang.reflect.Method)[pri:0, instance:Arquillian.SearchPageTest@1ec318]" name="arquillianBeforeTest" is-config="true" duration-ms="5" started-at="2018-07-30T16:39:51Z" finished-at="2018-07-30T16:39:51Z">
          <params>
            <param index="0">
              <value>
                <![CDATA[public void Arquillian.SearchPageTest.googleTest(java.lang.String)]]>
              </value>
            </param>
          </params>
          <reporter-output>
          </reporter-output>
        </test-method> <!-- arquillianBeforeTest -->
        <test-method status="PASS" signature="googleTest(java.lang.String)[pri:0, instance:Arquillian.SearchPageTest@1ec318]" name="googleTest" duration-ms="1620" started-at="2018-07-30T16:39:51Z" data-provider="search-keywords" finished-at="2018-07-30T16:39:53Z">
          <params>
            <param index="0">
              <value>
                <![CDATA[jmeter docker]]>
              </value>
            </param>
          </params>
          <reporter-output>
          </reporter-output>
        </test-method> <!-- googleTest -->
        <test-method status="PASS" signature="arquillianAfterTest(java.lang.reflect.Method)[pri:0, instance:Arquillian.SearchPageTest@1ec318]" name="arquillianAfterTest" is-config="true" duration-ms="1" started-at="2018-07-30T16:39:53Z" finished-at="2018-07-30T16:39:53Z">
          <params>
            <param index="0">
              <value>
                <![CDATA[public void Arquillian.SearchPageTest.googleTest(java.lang.String)]]>
              </value>
            </param>
          </params>
          <reporter-output>
          </reporter-output>
        </test-method> <!-- arquillianAfterTest -->
        <test-method status="PASS" signature="arquillianBeforeTest(java.lang.reflect.Method)[pri:0, instance:Arquillian.SearchPageTest@1ec318]" name="arquillianBeforeTest" is-config="true" duration-ms="6" started-at="2018-07-30T16:39:53Z" finished-at="2018-07-30T16:39:53Z">
          <params>
            <param index="0">
              <value>
                <![CDATA[public void Arquillian.SearchPageTest.googleTest(java.lang.String)]]>
              </value>
            </param>
          </params>
          <reporter-output>
          </reporter-output>
        </test-method> <!-- arquillianBeforeTest -->
        <test-method status="PASS" signature="googleTest(java.lang.String)[pri:0, instance:Arquillian.SearchPageTest@1ec318]" name="googleTest" duration-ms="1411" started-at="2018-07-30T16:39:53Z" data-provider="search-keywords" finished-at="2018-07-30T16:39:55Z">
          <params>
            <param index="0">
              <value>
                <![CDATA[test automation guru]]>
              </value>
            </param>
          </params>
          <reporter-output>
          </reporter-output>
        </test-method> <!-- googleTest -->
        <test-method status="PASS" signature="arquillianAfterTest(java.lang.reflect.Method)[pri:0, instance:Arquillian.SearchPageTest@1ec318]" name="arquillianAfterTest" is-config="true" duration-ms="1" started-at="2018-07-30T16:39:55Z" finished-at="2018-07-30T16:39:55Z">
          <params>
            <param index="0">
              <value>
                <![CDATA[public void Arquillian.SearchPageTest.googleTest(java.lang.String)]]>
              </value>
            </param>
          </params>
          <reporter-output>
          </reporter-output>
        </test-method> <!-- arquillianAfterTest -->
        <test-method status="PASS" signature="arquillianBeforeTest(java.lang.reflect.Method)[pri:0, instance:Arquillian.SearchPageTest@1ec318]" name="arquillianBeforeTest" is-config="true" duration-ms="6" started-at="2018-07-30T16:39:55Z" finished-at="2018-07-30T16:39:55Z">
          <params>
            <param index="0">
              <value>
                <![CDATA[public void Arquillian.SearchPageTest.googleTest(java.lang.String)]]>
              </value>
            </param>
          </params>
          <reporter-output>
          </reporter-output>
        </test-method> <!-- arquillianBeforeTest -->
        <test-method status="PASS" signature="googleTest(java.lang.String)[pri:0, instance:Arquillian.SearchPageTest@1ec318]" name="googleTest" duration-ms="1481" started-at="2018-07-30T16:39:55Z" data-provider="search-keywords" finished-at="2018-07-30T16:39:56Z">
          <params>
            <param index="0">
              <value>
                <![CDATA[selenium webdriver]]>
              </value>
            </param>
          </params>
          <reporter-output>
          </reporter-output>
        </test-method> <!-- googleTest -->
        <test-method status="PASS" signature="arquillianAfterTest(java.lang.reflect.Method)[pri:0, instance:Arquillian.SearchPageTest@1ec318]" name="arquillianAfterTest" is-config="true" duration-ms="0" started-at="2018-07-30T16:39:56Z" finished-at="2018-07-30T16:39:56Z">
          <params>
            <param index="0">
              <value>
                <![CDATA[public void Arquillian.SearchPageTest.googleTest(java.lang.String)]]>
              </value>
            </param>
          </params>
          <reporter-output>
          </reporter-output>
        </test-method> <!-- arquillianAfterTest -->
        <test-method status="PASS" signature="arquillianBeforeTest(java.lang.reflect.Method)[pri:0, instance:Arquillian.SearchPageTest@1ec318]" name="arquillianBeforeTest" is-config="true" duration-ms="6" started-at="2018-07-30T16:39:56Z" finished-at="2018-07-30T16:39:56Z">
          <params>
            <param index="0">
              <value>
                <![CDATA[public void Arquillian.SearchPageTest.googleTest(java.lang.String)]]>
              </value>
            </param>
          </params>
          <reporter-output>
          </reporter-output>
        </test-method> <!-- arquillianBeforeTest -->
        <test-method status="PASS" signature="googleTest(java.lang.String)[pri:0, instance:Arquillian.SearchPageTest@1ec318]" name="googleTest" duration-ms="1405" started-at="2018-07-30T16:39:56Z" data-provider="search-keywords" finished-at="2018-07-30T16:39:57Z">
          <params>
            <param index="0">
              <value>
                <![CDATA[dockerized selenium grid]]>
              </value>
            </param>
          </params>
          <reporter-output>
          </reporter-output>
        </test-method> <!-- googleTest -->
        <test-method status="PASS" signature="arquillianAfterTest(java.lang.reflect.Method)[pri:0, instance:Arquillian.SearchPageTest@1ec318]" name="arquillianAfterTest" is-config="true" duration-ms="1" started-at="2018-07-30T16:39:57Z" finished-at="2018-07-30T16:39:57Z">
          <params>
            <param index="0">
              <value>
                <![CDATA[public void Arquillian.SearchPageTest.googleTest(java.lang.String)]]>
              </value>
            </param>
          </params>
          <reporter-output>
          </reporter-output>
        </test-method> <!-- arquillianAfterTest -->
        <test-method status="PASS" signature="arquillianBeforeTest(java.lang.reflect.Method)[pri:0, instance:Arquillian.SearchPageTest@1ec318]" name="arquillianBeforeTest" is-config="true" duration-ms="5" started-at="2018-07-30T16:39:57Z" finished-at="2018-07-30T16:39:57Z">
          <params>
            <param index="0">
              <value>
                <![CDATA[public void Arquillian.SearchPageTest.googleTest(java.lang.String)]]>
              </value>
            </param>
          </params>
          <reporter-output>
          </reporter-output>
        </test-method> <!-- arquillianBeforeTest -->
        <test-method status="PASS" signature="googleTest(java.lang.String)[pri:0, instance:Arquillian.SearchPageTest@1ec318]" name="googleTest" duration-ms="1372" started-at="2018-07-30T16:39:57Z" data-provider="search-keywords" finished-at="2018-07-30T16:39:59Z">
          <params>
            <param index="0">
              <value>
                <![CDATA[test automation blog]]>
              </value>
            </param>
          </params>
          <reporter-output>
          </reporter-output>
        </test-method> <!-- googleTest -->
        <test-method status="PASS" signature="arquillianAfterTest(java.lang.reflect.Method)[pri:0, instance:Arquillian.SearchPageTest@1ec318]" name="arquillianAfterTest" is-config="true" duration-ms="1" started-at="2018-07-30T16:39:59Z" finished-at="2018-07-30T16:39:59Z">
          <params>
            <param index="0">
              <value>
                <![CDATA[public void Arquillian.SearchPageTest.googleTest(java.lang.String)]]>
              </value>
            </param>
          </params>
          <reporter-output>
          </reporter-output>
        </test-method> <!-- arquillianAfterTest -->
        <test-method status="PASS" signature="arquillianBeforeTest(java.lang.reflect.Method)[pri:0, instance:Arquillian.SearchPageTest@1ec318]" name="arquillianBeforeTest" is-config="true" duration-ms="4" started-at="2018-07-30T16:39:59Z" finished-at="2018-07-30T16:39:59Z">
          <params>
            <param index="0">
              <value>
                <![CDATA[public void Arquillian.SearchPageTest.googleTest(java.lang.String)]]>
              </value>
            </param>
          </params>
          <reporter-output>
          </reporter-output>
        </test-method> <!-- arquillianBeforeTest -->
        <test-method status="PASS" signature="googleTest(java.lang.String)[pri:0, instance:Arquillian.SearchPageTest@1ec318]" name="googleTest" duration-ms="1293" started-at="2018-07-30T16:39:59Z" data-provider="search-keywords" finished-at="2018-07-30T16:40:00Z">
          <params>
            <param index="0">
              <value>
                <![CDATA[jmeter docker]]>
              </value>
            </param>
          </params>
          <reporter-output>
          </reporter-output>
        </test-method> <!-- googleTest -->
        <test-method status="PASS" signature="arquillianAfterClass()[pri:0, instance:Arquillian.SearchPageTest@1ec318]" name="arquillianAfterClass" is-config="true" duration-ms="658" started-at="2018-07-30T16:40:00Z" finished-at="2018-07-30T16:40:01Z">
          <reporter-output>
          </reporter-output>
        </test-method> <!-- arquillianAfterClass -->
        <test-method status="PASS" signature="arquillianAfterTest(java.lang.reflect.Method)[pri:0, instance:Arquillian.SearchPageTest@1ec318]" name="arquillianAfterTest" is-config="true" duration-ms="0" started-at="2018-07-30T16:40:00Z" finished-at="2018-07-30T16:40:00Z">
          <params>
            <param index="0">
              <value>
                <![CDATA[public void Arquillian.SearchPageTest.googleTest(java.lang.String)]]>
              </value>
            </param>
          </params>
          <reporter-output>
          </reporter-output>
        </test-method> <!-- arquillianAfterTest -->
        <test-method status="PASS" signature="arquillianAfterSuite()[pri:0, instance:Arquillian.SearchPageTest@1ec318]" name="arquillianAfterSuite" is-config="true" duration-ms="2" started-at="2018-07-30T16:40:01Z" finished-at="2018-07-30T16:40:01Z">
          <reporter-output>
          </reporter-output>
        </test-method> <!-- arquillianAfterSuite -->
      </class> <!-- Arquillian.SearchPageTest -->
    </test> <!-- Default test -->
  </suite> <!-- Default suite -->
</testng-results>
