<?xml version="1.0" encoding="UTF-8"?>
<!-- Generated by org.testng.reporters.JUnitXMLReporter -->
<testsuite hostname="LN0C5772E6454B" ignored="0" name="search-test" tests="10" failures="0" timestamp="26 Jun 2018 07:41:14 GMT" time="0.086" errors="0">
  <testcase name="@BeforeTest setUp" time="0.041" classname="com.testautomationguru.container.test.SearchTest">
    <failure type="java.lang.NullPointerException">
      <![CDATA[java.lang.NullPointerException
	at com.testautomationguru.container.test.BaseTest.setUp(BaseTest.java:23)
	at com.testautomationguru.container.test.SearchTest.setUp(SearchTest.java:18)
... Removed 23 stack frames]]>
    </failure>
  </testcase> <!-- @BeforeTest setUp -->
  <testcase name="@AfterTest tearDown" time="0.0" classname="com.testautomationguru.container.test.BaseTest">
    <skipped/>
  </testcase> <!-- @AfterTest tearDown -->
  <testcase name="googleTest" time="0.0" classname="com.testautomationguru.container.test.SearchTest">
    <skipped/>
  </testcase> <!-- googleTest -->
  <testcase name="googleTest" time="0.0" classname="com.testautomationguru.container.test.SearchTest">
    <skipped/>
  </testcase> <!-- googleTest -->
  <testcase name="googleTest" time="0.0" classname="com.testautomationguru.container.test.SearchTest">
    <skipped/>
  </testcase> <!-- googleTest -->
  <testcase name="googleTest" time="0.0" classname="com.testautomationguru.container.test.SearchTest">
    <skipped/>
  </testcase> <!-- googleTest -->
  <testcase name="googleTest" time="0.0" classname="com.testautomationguru.container.test.SearchTest">
    <skipped/>
  </testcase> <!-- googleTest -->
  <testcase name="googleTest" time="0.0" classname="com.testautomationguru.container.test.SearchTest">
    <skipped/>
  </testcase> <!-- googleTest -->
  <testcase name="googleTest" time="0.0" classname="com.testautomationguru.container.test.SearchTest">
    <skipped/>
  </testcase> <!-- googleTest -->
  <testcase name="googleTest" time="0.0" classname="com.testautomationguru.container.test.SearchTest">
    <skipped/>
  </testcase> <!-- googleTest -->
  <testcase name="googleTest" time="0.0" classname="com.testautomationguru.container.test.SearchTest">
    <skipped/>
  </testcase> <!-- googleTest -->
  <testcase name="googleTest" time="0.0" classname="com.testautomationguru.container.test.SearchTest">
    <skipped/>
  </testcase> <!-- googleTest -->
</testsuite> <!-- search-test -->
