<?xml version="1.0" encoding="UTF-8"?>
<!-- Generated by org.testng.reporters.JUnitXMLReporter -->
<testsuite hostname="LN0C5772E6454B" ignored="0" name="order-test" tests="12" failures="0" timestamp="02 Jul 2018 16:22:45 GMT" time="0.096" errors="0">
  <testcase name="@BeforeTest setUp" time="0.039" classname="main.java.elasticsearch_Kibana_On_Docker1.OrderTest">
    <failure type="java.lang.NullPointerException">
      <![CDATA[java.lang.NullPointerException
	at main.java.elasticsearch_Kibana_On_Docker1.BaseTest.setUp(BaseTest.java:23)
	at main.java.elasticsearch_Kibana_On_Docker1.OrderTest.setUp(OrderTest.java:18)
... Removed 23 stack frames]]>
    </failure>
  </testcase> <!-- @BeforeTest setUp -->
  <testcase name="@AfterTest tearDown" time="0.0" classname="main.java.elasticsearch_Kibana_On_Docker1.BaseTest">
    <skipped/>
  </testcase> <!-- @AfterTest tearDown -->
  <testcase name="googleTest" time="0.001" classname="main.java.elasticsearch_Kibana_On_Docker1.OrderTest">
    <skipped/>
  </testcase> <!-- googleTest -->
  <testcase name="googleTest" time="0.0" classname="main.java.elasticsearch_Kibana_On_Docker1.OrderTest">
    <skipped/>
  </testcase> <!-- googleTest -->
  <testcase name="googleTest" time="0.0" classname="main.java.elasticsearch_Kibana_On_Docker1.OrderTest">
    <skipped/>
  </testcase> <!-- googleTest -->
  <testcase name="googleTest" time="0.0" classname="main.java.elasticsearch_Kibana_On_Docker1.OrderTest">
    <skipped/>
  </testcase> <!-- googleTest -->
  <testcase name="googleTest" time="0.0" classname="main.java.elasticsearch_Kibana_On_Docker1.OrderTest">
    <skipped/>
  </testcase> <!-- googleTest -->
  <testcase name="googleTest" time="0.0" classname="main.java.elasticsearch_Kibana_On_Docker1.OrderTest">
    <skipped/>
  </testcase> <!-- googleTest -->
  <testcase name="googleTest" time="0.0" classname="main.java.elasticsearch_Kibana_On_Docker1.OrderTest">
    <skipped/>
  </testcase> <!-- googleTest -->
  <testcase name="googleTest" time="0.0" classname="main.java.elasticsearch_Kibana_On_Docker1.OrderTest">
    <skipped/>
  </testcase> <!-- googleTest -->
  <testcase name="googleTest" time="0.0" classname="main.java.elasticsearch_Kibana_On_Docker1.OrderTest">
    <skipped/>
  </testcase> <!-- googleTest -->
  <testcase name="googleTest" time="0.0" classname="main.java.elasticsearch_Kibana_On_Docker1.OrderTest">
    <skipped/>
  </testcase> <!-- googleTest -->
  <testcase name="googleTest" time="0.0" classname="main.java.elasticsearch_Kibana_On_Docker1.OrderTest">
    <skipped/>
  </testcase> <!-- googleTest -->
  <testcase name="googleTest" time="0.0" classname="main.java.elasticsearch_Kibana_On_Docker1.OrderTest">
    <skipped/>
  </testcase> <!-- googleTest -->
</testsuite> <!-- order-test -->
