<?xml version="1.0" encoding="UTF-8"?>
<testng-results skipped="0" failed="0" ignored="0" total="2" passed="2">
  <reporter-output>
  </reporter-output>
  <suite name="Default suite" duration-ms="6224" started-at="2018-07-08T04:31:13Z" finished-at="2018-07-08T04:31:19Z">
    <groups>
    </groups>
    <test name="Default test" duration-ms="6224" started-at="2018-07-08T04:31:13Z" finished-at="2018-07-08T04:31:19Z">
      <class name="webTours.TestRunner">
        <test-method status="PASS" signature="beforeTest()[pri:0, instance:webTours.TestRunner@42d80b78]" name="beforeTest" is-config="true" duration-ms="3491" started-at="2018-07-07T21:31:13Z" finished-at="2018-07-07T21:31:17Z">
          <reporter-output>
          </reporter-output>
        </test-method> <!-- beforeTest -->
        <test-method status="PASS" signature="LoginTest()[pri:0, instance:webTours.TestRunner@42d80b78]" name="LoginTest" duration-ms="1556" started-at="2018-07-07T21:31:17Z" finished-at="2018-07-07T21:31:18Z">
          <reporter-output>
          </reporter-output>
        </test-method> <!-- LoginTest -->
        <test-method status="PASS" signature="LogoutTest()[pri:0, instance:webTours.TestRunner@42d80b78]" name="LogoutTest" duration-ms="465" started-at="2018-07-07T21:31:18Z" finished-at="2018-07-07T21:31:19Z">
          <reporter-output>
          </reporter-output>
        </test-method> <!-- LogoutTest -->
        <test-method status="PASS" signature="afterTest()[pri:0, instance:webTours.TestRunner@42d80b78]" name="afterTest" is-config="true" duration-ms="685" started-at="2018-07-07T21:31:19Z" finished-at="2018-07-07T21:31:19Z">
          <reporter-output>
          </reporter-output>
        </test-method> <!-- afterTest -->
      </class> <!-- webTours.TestRunner -->
    </test> <!-- Default test -->
  </suite> <!-- Default suite -->
</testng-results>
