<?xml version="1.0" encoding="UTF-8"?>
<!-- Generated by org.testng.reporters.JUnitXMLReporter -->
<testsuite hostname="LN0C5772E6454B" ignored="0" name="Test" tests="2" failures="0" timestamp="26 Jun 2018 04:17:08 GMT" time="0.067" errors="0">
  <testcase name="@BeforeClass beforeClass" time="0.018" classname="webTours.TestRunner">
    <failure type="java.lang.NullPointerException">
      <![CDATA[java.lang.NullPointerException
	at webTours.TestRunner.beforeClass(TestRunner.java:24)
... Removed 25 stack frames]]>
    </failure>
  </testcase> <!-- @BeforeClass beforeClass -->
  <testcase name="@AfterClass afterClass" time="0.0" classname="webTours.TestRunner">
    <skipped/>
  </testcase> <!-- @AfterClass afterClass -->
  <testcase name="LoginTest" time="0.001" classname="webTours.TestRunner">
    <skipped/>
  </testcase> <!-- LoginTest -->
  <testcase name="LogoutTest" time="0.0" classname="webTours.TestRunner">
    <skipped/>
  </testcase> <!-- LogoutTest -->
</testsuite> <!-- Test -->
